ZooAnnouncer: 'Jimmy' is about to Wake the animals
Doug [Dog] is Waking...
Will [Wolf] is Waking...
Chloe [Cat] is Waking...
Tim [Tiger] is Waking...
Leo [Lion] is Waking...
Elle [Elephant] is Waking...
Herman [Hippo] is Waking...
Rex [Rhino] is Waking...

ZooAnnouncer: 'Jimmy' is about to Call the animals
Doug [Dog] is Woof
Will [Wolf] is Howl
Chloe [Cat] is PRRRRRRR
Tim [Tiger] is Rawr
Leo [Lion] is Roar
Elle [Elephant] is EERRRPHHSH
Herman [Hippo] is HIPPO NOISE
Rex [Rhino] is RHINOOOOO

ZooAnnouncer: 'Jimmy' is about to Excercise the animals
Doug [Dog] is Canine is roaming
Will [Wolf] is Canine is roaming
Chloe [Cat] is Feline is roaming
Tim [Tiger] is Feline is roaming
Leo [Lion] is Feline is roaming
Elle [Elephant] is Pachyderm is roaming
Herman [Hippo] is Pachyderm is roaming
Rex [Rhino] is Pachyderm is roaming

ZooAnnouncer: 'Jimmy' is about to Feed the animals
Doug [Dog] is Eating kibble
Will [Wolf] is Eating meat
Chloe [Cat] is Eating kibble
Tim [Tiger] is Eating meat
Leo [Lion] is Eating meat
Elle [Elephant] is Eating plants
Herman [Hippo] is Eating plants
Rex [Rhino] is Eating plants

ZooAnnouncer: 'Jimmy' is about to Put the animals to bed
Doug [Dog] is Sleeping...
Will [Wolf] is Sleeping...
Chloe [Cat] is Sleeping...
Tim [Tiger] is Sleeping...
Leo [Lion] is Sleeping...
Elle [Elephant] is Sleeping...
Herman [Hippo] is Sleeping...
Rex [Rhino] is Sleeping...